e:\프로그래밍\개인공부\directx3d\directx9 tutorials\002_index buffer\debug\vc142.pdb
e:\프로그래밍\개인공부\directx3d\directx9 tutorials\002_index buffer\debug\vc142.idb
e:\프로그래밍\개인공부\directx3d\directx9 tutorials\002_index buffer\debug\002_index buffer.obj
e:\프로그래밍\개인공부\directx3d\directx9 tutorials\002_index buffer\debug\sdkmisc.obj
e:\프로그래밍\개인공부\directx3d\directx9 tutorials\002_index buffer\debug\sdkmesh.obj
e:\프로그래밍\개인공부\directx3d\directx9 tutorials\002_index buffer\debug\dxutsettingsdlg.obj
e:\프로그래밍\개인공부\directx3d\directx9 tutorials\002_index buffer\debug\dxutres.obj
e:\프로그래밍\개인공부\directx3d\directx9 tutorials\002_index buffer\debug\dxutgui.obj
e:\프로그래밍\개인공부\directx3d\directx9 tutorials\002_index buffer\debug\dxutcamera.obj
e:\프로그래밍\개인공부\directx3d\directx9 tutorials\002_index buffer\debug\dxutmisc.obj
e:\프로그래밍\개인공부\directx3d\directx9 tutorials\002_index buffer\debug\dxutenum.obj
e:\프로그래밍\개인공부\directx3d\directx9 tutorials\002_index buffer\debug\dxut.obj
e:\프로그래밍\개인공부\directx3d\directx9 tutorials\002_index buffer\debug\001_vertex, index buffer.res
e:\프로그래밍\개인공부\directx3d\directx9 tutorials\debug\002_index buffer.exe
e:\프로그래밍\개인공부\directx3d\directx9 tutorials\debug\002_index buffer.ilk
e:\프로그래밍\개인공부\directx3d\directx9 tutorials\debug\002_index buffer.pdb
e:\프로그래밍\개인공부\directx3d\directx9 tutorials\002_index buffer\debug\002_index buffer.tlog\cl.read.1.tlog
e:\프로그래밍\개인공부\directx3d\directx9 tutorials\002_index buffer\debug\002_index buffer.tlog\cl.write.1.tlog
e:\프로그래밍\개인공부\directx3d\directx9 tutorials\002_index buffer\debug\002_index buffer.tlog\cl.command.1.tlog
e:\프로그래밍\개인공부\directx3d\directx9 tutorials\002_index buffer\debug\002_index buffer.tlog\rc.read.1.tlog
e:\프로그래밍\개인공부\directx3d\directx9 tutorials\002_index buffer\debug\002_index buffer.tlog\rc.write.1.tlog
e:\프로그래밍\개인공부\directx3d\directx9 tutorials\002_index buffer\debug\002_index buffer.tlog\rc.command.1.tlog
e:\프로그래밍\개인공부\directx3d\directx9 tutorials\002_index buffer\debug\002_index buffer.tlog\link.read.1.tlog
e:\프로그래밍\개인공부\directx3d\directx9 tutorials\002_index buffer\debug\002_index buffer.tlog\link.write.1.tlog
e:\프로그래밍\개인공부\directx3d\directx9 tutorials\002_index buffer\debug\002_index buffer.tlog\link.command.1.tlog
