D:\Program Files (x86)\Microsoft Visual Studio 2019\MSBuild\Microsoft\VC\v160\Microsoft.CppBuild.targets(491,5): warning MSB8028: 중간 디렉터리(Debug\)에 다른 프로젝트(001_Vertex, Index Buffer.vcxproj)에서 공유하는 파일이 포함되어 있습니다.  이로 인해 잘못된 정리 및 다시 빌드 동작이 수행될 수 있습니다.
  001_Vertex Buffer.cpp
D:\Program Files (x86)\DirectX\Include\dxgitype.h(12,1): warning C4005: 'DXGI_STATUS_OCCLUDED': 매크로 재정의
D:\Windows Kits\10\Include\10.0.18362.0\shared\winerror.h(55840): message : 'DXGI_STATUS_OCCLUDED'의 이전 정의를 참조하십시오.
D:\Program Files (x86)\DirectX\Include\dxgitype.h(13,1): warning C4005: 'DXGI_STATUS_CLIPPED': 매크로 재정의
D:\Windows Kits\10\Include\10.0.18362.0\shared\winerror.h(55849): message : 'DXGI_STATUS_CLIPPED'의 이전 정의를 참조하십시오.
D:\Program Files (x86)\DirectX\Include\dxgitype.h(14,1): warning C4005: 'DXGI_STATUS_NO_REDIRECTION': 매크로 재정의
D:\Windows Kits\10\Include\10.0.18362.0\shared\winerror.h(55858): message : 'DXGI_STATUS_NO_REDIRECTION'의 이전 정의를 참조하십시오.
D:\Program Files (x86)\DirectX\Include\dxgitype.h(15,1): warning C4005: 'DXGI_STATUS_NO_DESKTOP_ACCESS': 매크로 재정의
D:\Windows Kits\10\Include\10.0.18362.0\shared\winerror.h(55867): message : 'DXGI_STATUS_NO_DESKTOP_ACCESS'의 이전 정의를 참조하십시오.
D:\Program Files (x86)\DirectX\Include\dxgitype.h(16,1): warning C4005: 'DXGI_STATUS_GRAPHICS_VIDPN_SOURCE_IN_USE': 매크로 재정의
D:\Windows Kits\10\Include\10.0.18362.0\shared\winerror.h(55876): message : 'DXGI_STATUS_GRAPHICS_VIDPN_SOURCE_IN_USE'의 이전 정의를 참조하십시오.
D:\Program Files (x86)\DirectX\Include\dxgitype.h(17,1): warning C4005: 'DXGI_STATUS_MODE_CHANGED': 매크로 재정의
D:\Windows Kits\10\Include\10.0.18362.0\shared\winerror.h(55885): message : 'DXGI_STATUS_MODE_CHANGED'의 이전 정의를 참조하십시오.
D:\Program Files (x86)\DirectX\Include\dxgitype.h(18,1): warning C4005: 'DXGI_STATUS_MODE_CHANGE_IN_PROGRESS': 매크로 재정의
D:\Windows Kits\10\Include\10.0.18362.0\shared\winerror.h(55894): message : 'DXGI_STATUS_MODE_CHANGE_IN_PROGRESS'의 이전 정의를 참조하십시오.
D:\Program Files (x86)\DirectX\Include\dxgitype.h(21,1): warning C4005: 'DXGI_ERROR_INVALID_CALL': 매크로 재정의
D:\Windows Kits\10\Include\10.0.18362.0\shared\winerror.h(55909): message : 'DXGI_ERROR_INVALID_CALL'의 이전 정의를 참조하십시오.
D:\Program Files (x86)\DirectX\Include\dxgitype.h(22,1): warning C4005: 'DXGI_ERROR_NOT_FOUND': 매크로 재정의
D:\Windows Kits\10\Include\10.0.18362.0\shared\winerror.h(55918): message : 'DXGI_ERROR_NOT_FOUND'의 이전 정의를 참조하십시오.
D:\Program Files (x86)\DirectX\Include\dxgitype.h(23,1): warning C4005: 'DXGI_ERROR_MORE_DATA': 매크로 재정의
D:\Windows Kits\10\Include\10.0.18362.0\shared\winerror.h(55927): message : 'DXGI_ERROR_MORE_DATA'의 이전 정의를 참조하십시오.
D:\Program Files (x86)\DirectX\Include\dxgitype.h(24,1): warning C4005: 'DXGI_ERROR_UNSUPPORTED': 매크로 재정의
D:\Windows Kits\10\Include\10.0.18362.0\shared\winerror.h(55936): message : 'DXGI_ERROR_UNSUPPORTED'의 이전 정의를 참조하십시오.
D:\Program Files (x86)\DirectX\Include\dxgitype.h(25,1): warning C4005: 'DXGI_ERROR_DEVICE_REMOVED': 매크로 재정의
D:\Windows Kits\10\Include\10.0.18362.0\shared\winerror.h(55945): message : 'DXGI_ERROR_DEVICE_REMOVED'의 이전 정의를 참조하십시오.
D:\Program Files (x86)\DirectX\Include\dxgitype.h(26,1): warning C4005: 'DXGI_ERROR_DEVICE_HUNG': 매크로 재정의
D:\Windows Kits\10\Include\10.0.18362.0\shared\winerror.h(55954): message : 'DXGI_ERROR_DEVICE_HUNG'의 이전 정의를 참조하십시오.
D:\Program Files (x86)\DirectX\Include\dxgitype.h(27,1): warning C4005: 'DXGI_ERROR_DEVICE_RESET': 매크로 재정의
D:\Windows Kits\10\Include\10.0.18362.0\shared\winerror.h(55964): message : 'DXGI_ERROR_DEVICE_RESET'의 이전 정의를 참조하십시오.
D:\Program Files (x86)\DirectX\Include\dxgitype.h(28,1): warning C4005: 'DXGI_ERROR_WAS_STILL_DRAWING': 매크로 재정의
D:\Windows Kits\10\Include\10.0.18362.0\shared\winerror.h(55973): message : 'DXGI_ERROR_WAS_STILL_DRAWING'의 이전 정의를 참조하십시오.
D:\Program Files (x86)\DirectX\Include\dxgitype.h(29,1): warning C4005: 'DXGI_ERROR_FRAME_STATISTICS_DISJOINT': 매크로 재정의
D:\Windows Kits\10\Include\10.0.18362.0\shared\winerror.h(55983): message : 'DXGI_ERROR_FRAME_STATISTICS_DISJOINT'의 이전 정의를 참조하십시오.
D:\Program Files (x86)\DirectX\Include\dxgitype.h(30,1): warning C4005: 'DXGI_ERROR_GRAPHICS_VIDPN_SOURCE_IN_USE': 매크로 재정의
D:\Windows Kits\10\Include\10.0.18362.0\shared\winerror.h(55992): message : 'DXGI_ERROR_GRAPHICS_VIDPN_SOURCE_IN_USE'의 이전 정의를 참조하십시오.
D:\Program Files (x86)\DirectX\Include\dxgitype.h(31,1): warning C4005: 'DXGI_ERROR_DRIVER_INTERNAL_ERROR': 매크로 재정의
D:\Windows Kits\10\Include\10.0.18362.0\shared\winerror.h(56002): message : 'DXGI_ERROR_DRIVER_INTERNAL_ERROR'의 이전 정의를 참조하십시오.
D:\Program Files (x86)\DirectX\Include\dxgitype.h(32,1): warning C4005: 'DXGI_ERROR_NONEXCLUSIVE': 매크로 재정의
D:\Windows Kits\10\Include\10.0.18362.0\shared\winerror.h(56011): message : 'DXGI_ERROR_NONEXCLUSIVE'의 이전 정의를 참조하십시오.
D:\Program Files (x86)\DirectX\Include\dxgitype.h(33,1): warning C4005: 'DXGI_ERROR_NOT_CURRENTLY_AVAILABLE': 매크로 재정의
D:\Windows Kits\10\Include\10.0.18362.0\shared\winerror.h(56020): message : 'DXGI_ERROR_NOT_CURRENTLY_AVAILABLE'의 이전 정의를 참조하십시오.
D:\Program Files (x86)\DirectX\Include\dxgitype.h(34,1): warning C4005: 'DXGI_ERROR_REMOTE_CLIENT_DISCONNECTED': 매크로 재정의
D:\Windows Kits\10\Include\10.0.18362.0\shared\winerror.h(56030): message : 'DXGI_ERROR_REMOTE_CLIENT_DISCONNECTED'의 이전 정의를 참조하십시오.
D:\Program Files (x86)\DirectX\Include\dxgitype.h(35,1): warning C4005: 'DXGI_ERROR_REMOTE_OUTOFMEMORY': 매크로 재정의
D:\Windows Kits\10\Include\10.0.18362.0\shared\winerror.h(56039): message : 'DXGI_ERROR_REMOTE_OUTOFMEMORY'의 이전 정의를 참조하십시오.
D:\Program Files (x86)\DirectX\Include\d3d10.h(608,1): warning C4005: 'D3D10_ERROR_TOO_MANY_UNIQUE_STATE_OBJECTS': 매크로 재정의
D:\Windows Kits\10\Include\10.0.18362.0\shared\winerror.h(56279): message : 'D3D10_ERROR_TOO_MANY_UNIQUE_STATE_OBJECTS'의 이전 정의를 참조하십시오.
D:\Program Files (x86)\DirectX\Include\d3d10.h(609,1): warning C4005: 'D3D10_ERROR_FILE_NOT_FOUND': 매크로 재정의
D:\Windows Kits\10\Include\10.0.18362.0\shared\winerror.h(56288): message : 'D3D10_ERROR_FILE_NOT_FOUND'의 이전 정의를 참조하십시오.
RC : fatal error RC1110: could not open 001_Vertex, Index Buffer.rc
  
